2019-03-13 14:27:35,326 INFO o.a.j.u.JMeterUtils: Setting Locale to en_EN
2019-03-13 14:27:35,349 INFO o.a.j.JMeter: Loading user properties from: /usr/local/Cellar/jmeter/5.0/libexec/bin/user.properties
2019-03-13 14:27:35,349 INFO o.a.j.JMeter: Loading system properties from: /usr/local/Cellar/jmeter/5.0/libexec/bin/system.properties
2019-03-13 14:27:35,355 INFO o.a.j.JMeter: Copyright (c) 1998-2018 The Apache Software Foundation
2019-03-13 14:27:35,356 INFO o.a.j.JMeter: Version 5.0 r1840935
2019-03-13 14:27:35,356 INFO o.a.j.JMeter: java.version=1.8.0_171
2019-03-13 14:27:35,356 INFO o.a.j.JMeter: java.vm.name=Java HotSpot(TM) 64-Bit Server VM
2019-03-13 14:27:35,356 INFO o.a.j.JMeter: os.name=Mac OS X
2019-03-13 14:27:35,356 INFO o.a.j.JMeter: os.arch=x86_64
2019-03-13 14:27:35,356 INFO o.a.j.JMeter: os.version=10.13.6
2019-03-13 14:27:35,356 INFO o.a.j.JMeter: file.encoding=UTF-8
2019-03-13 14:27:35,356 INFO o.a.j.JMeter: Max memory     =1073741824
2019-03-13 14:27:35,356 INFO o.a.j.JMeter: Available Processors =4
2019-03-13 14:27:35,361 INFO o.a.j.JMeter: Default Locale=English (EN)
2019-03-13 14:27:35,361 INFO o.a.j.JMeter: JMeter  Locale=English (EN)
2019-03-13 14:27:35,361 INFO o.a.j.JMeter: JMeterHome=/usr/local/Cellar/jmeter/5.0/libexec
2019-03-13 14:27:35,361 INFO o.a.j.JMeter: user.dir  =/Users/kevinsturgeon/demo/python-scratch
2019-03-13 14:27:35,361 INFO o.a.j.JMeter: PWD       =/Users/kevinsturgeon/demo/python-scratch
2019-03-13 14:27:35,363 INFO o.a.j.JMeter: IP: 172.30.9.151 Name: KSturge-E796.local FullName: 172.30.9.151
2019-03-13 14:27:37,871 INFO o.a.j.g.a.LookAndFeelCommand: Installing Darcula LAF
2019-03-13 14:27:37,901 INFO o.a.j.g.a.LookAndFeelCommand: Using look and feel: com.bulenkov.darcula.DarculaLaf [Darcula]
2019-03-13 14:27:37,903 INFO o.a.j.JMeter: Setting LAF to: com.bulenkov.darcula.DarculaLaf
2019-03-13 14:27:38,035 INFO o.a.j.JMeter: Loaded icon properties from org/apache/jmeter/images/icon.properties
2019-03-13 14:27:39,416 INFO o.a.j.e.u.CompoundVariable: Note: Function class names must contain the string: '.functions.'
2019-03-13 14:27:39,416 INFO o.a.j.e.u.CompoundVariable: Note: Function class names must not contain the string: '.gui.'
2019-03-13 14:27:41,533 INFO k.a.j.JMeterPluginsUtils: JMeter-Plugins.org v.1.4.0
2019-03-13 14:27:42,273 WARN o.a.j.g.u.MenuFactory: Configuration error, probably corrupt or missing third party library(jar)? Could not create class: kg.apc.jmeter.reporters.LoadosophiaUploaderGui.
java.lang.NoClassDefFoundError: org/apache/commons/httpclient/methods/multipart/PartSource
	at kg.apc.jmeter.reporters.LoadosophiaUploaderGui.init(LoadosophiaUploaderGui.java:114) ~[JMeterPlugins-Standard.jar:?]
	at kg.apc.jmeter.reporters.LoadosophiaUploaderGui.<init>(LoadosophiaUploaderGui.java:28) ~[JMeterPlugins-Standard.jar:?]
	at sun.reflect.NativeConstructorAccessorImpl.newInstance0(Native Method) ~[?:1.8.0_171]
	at sun.reflect.NativeConstructorAccessorImpl.newInstance(NativeConstructorAccessorImpl.java:62) ~[?:1.8.0_171]
	at sun.reflect.DelegatingConstructorAccessorImpl.newInstance(DelegatingConstructorAccessorImpl.java:45) ~[?:1.8.0_171]
	at java.lang.reflect.Constructor.newInstance(Constructor.java:423) ~[?:1.8.0_171]
	at java.lang.Class.newInstance(Class.java:442) ~[?:1.8.0_171]
	at org.apache.jmeter.gui.util.MenuFactory.getGUIComponent(MenuFactory.java:174) ~[ApacheJMeter_core.jar:5.0 r1840935]
	at org.apache.jmeter.gui.util.MenuFactory.initializeMenus(MenuFactory.java:141) ~[ApacheJMeter_core.jar:5.0 r1840935]
	at org.apache.jmeter.gui.util.MenuFactory.<clinit>(MenuFactory.java:106) ~[ApacheJMeter_core.jar:5.0 r1840935]
	at org.apache.jmeter.control.gui.TestPlanGui.createPopupMenu(TestPlanGui.java:92) ~[ApacheJMeter_core.jar:5.0 r1840935]
	at org.apache.jmeter.gui.tree.JMeterTreeNode.createPopupMenu(JMeterTreeNode.java:184) ~[ApacheJMeter_core.jar:5.0 r1840935]
	at org.apache.jmeter.gui.action.EditCommand.doAction(EditCommand.java:46) ~[ApacheJMeter_core.jar:5.0 r1840935]
	at org.apache.jmeter.gui.action.ActionRouter.performAction(ActionRouter.java:88) ~[ApacheJMeter_core.jar:5.0 r1840935]
	at org.apache.jmeter.gui.action.ActionRouter.lambda$actionPerformed$0(ActionRouter.java:70) ~[ApacheJMeter_core.jar:5.0 r1840935]
	at java.awt.event.InvocationEvent.dispatch(InvocationEvent.java:311) [?:1.8.0_171]
	at java.awt.EventQueue.dispatchEventImpl(EventQueue.java:758) [?:1.8.0_171]
	at java.awt.EventQueue.access$500(EventQueue.java:97) [?:1.8.0_171]
	at java.awt.EventQueue$3.run(EventQueue.java:709) [?:1.8.0_171]
	at java.awt.EventQueue$3.run(EventQueue.java:703) [?:1.8.0_171]
	at java.security.AccessController.doPrivileged(Native Method) [?:1.8.0_171]
	at java.security.ProtectionDomain$JavaSecurityAccessImpl.doIntersectionPrivilege(ProtectionDomain.java:80) [?:1.8.0_171]
	at java.awt.EventQueue.dispatchEvent(EventQueue.java:728) [?:1.8.0_171]
	at java.awt.EventDispatchThread.pumpOneEventForFilters(EventDispatchThread.java:205) [?:1.8.0_171]
	at java.awt.EventDispatchThread.pumpEventsForFilter(EventDispatchThread.java:116) [?:1.8.0_171]
	at java.awt.EventDispatchThread.pumpEventsForHierarchy(EventDispatchThread.java:105) [?:1.8.0_171]
	at java.awt.EventDispatchThread.pumpEvents(EventDispatchThread.java:101) [?:1.8.0_171]
	at java.awt.EventDispatchThread.pumpEvents(EventDispatchThread.java:93) [?:1.8.0_171]
	at java.awt.EventDispatchThread.run(EventDispatchThread.java:82) [?:1.8.0_171]
Caused by: java.lang.ClassNotFoundException: org.apache.commons.httpclient.methods.multipart.PartSource
	at java.net.URLClassLoader.findClass(URLClassLoader.java:381) ~[?:1.8.0_171]
	at java.lang.ClassLoader.loadClass(ClassLoader.java:424) ~[?:1.8.0_171]
	at java.lang.ClassLoader.loadClass(ClassLoader.java:357) ~[?:1.8.0_171]
	... 29 more
2019-03-13 14:27:43,249 INFO o.a.j.p.h.s.HTTPSamplerBase: Parser for text/html is org.apache.jmeter.protocol.http.parser.LagartoBasedHtmlParser
2019-03-13 14:27:43,249 INFO o.a.j.p.h.s.HTTPSamplerBase: Parser for application/xhtml+xml is org.apache.jmeter.protocol.http.parser.LagartoBasedHtmlParser
2019-03-13 14:27:43,250 INFO o.a.j.p.h.s.HTTPSamplerBase: Parser for application/xml is org.apache.jmeter.protocol.http.parser.LagartoBasedHtmlParser
2019-03-13 14:27:43,250 INFO o.a.j.p.h.s.HTTPSamplerBase: Parser for text/xml is org.apache.jmeter.protocol.http.parser.LagartoBasedHtmlParser
2019-03-13 14:27:43,250 INFO o.a.j.p.h.s.HTTPSamplerBase: Parser for text/vnd.wap.wml is org.apache.jmeter.protocol.http.parser.RegexpHTMLParser
2019-03-13 14:27:43,250 INFO o.a.j.p.h.s.HTTPSamplerBase: Parser for text/css is org.apache.jmeter.protocol.http.parser.CssParser
2019-03-13 14:27:43,669 INFO o.a.j.e.KeyToolUtils: keytool found at 'keytool'
2019-03-13 14:27:43,670 INFO o.a.j.p.h.p.ProxyControl: HTTP(S) Test Script Recorder SSL Proxy will use keys that support embedded 3rd party resources in file /usr/local/Cellar/jmeter/5.0/libexec/bin/proxyserver.jks
2019-03-13 14:27:43,888 INFO o.a.j.s.FileServer: Default base='/Users/kevinsturgeon/demo/python-scratch'
2019-03-13 14:27:44,287 INFO o.a.j.s.SampleResult: Note: Sample TimeStamps are START times
2019-03-13 14:27:44,287 INFO o.a.j.s.SampleResult: sampleresult.default.encoding is set to ISO-8859-1
2019-03-13 14:27:44,287 INFO o.a.j.s.SampleResult: sampleresult.useNanoTime=true
2019-03-13 14:27:44,288 INFO o.a.j.s.SampleResult: sampleresult.nanoThreadSleep=5000
2019-03-13 15:54:50,867 WARN o.a.j.u.JMeterUtils: ERROR! Resource string not found: [label]
2019-03-13 15:54:50,902 WARN o.a.j.u.JMeterUtils: ERROR! Resource string not found: [label]
2019-03-13 15:54:50,903 WARN o.a.j.u.JMeterUtils: ERROR! Resource string not found: [label]
2019-03-13 15:54:50,903 WARN o.a.j.u.JMeterUtils: ERROR! Resource string not found: [label]
2019-03-13 15:54:50,907 WARN o.a.j.u.JMeterUtils: ERROR! Resource string not found: [label]
2019-03-13 15:54:50,915 WARN o.a.j.u.JMeterUtils: ERROR! Resource string not found: [label]
2019-03-13 15:54:50,916 WARN o.a.j.u.JMeterUtils: ERROR! Resource string not found: [#_samples]
2019-03-13 15:54:50,918 WARN o.a.j.u.JMeterUtils: ERROR! Resource string not found: [median]
2019-03-13 15:54:50,918 WARN o.a.j.u.JMeterUtils: ERROR! Resource string not found: [90%_line]
2019-03-13 15:54:50,919 WARN o.a.j.u.JMeterUtils: ERROR! Resource string not found: [95%_line]
2019-03-13 15:54:50,919 WARN o.a.j.u.JMeterUtils: ERROR! Resource string not found: [99%_line]
2019-03-13 15:54:50,919 WARN o.a.j.u.JMeterUtils: ERROR! Resource string not found: [min]
2019-03-13 15:54:50,919 WARN o.a.j.u.JMeterUtils: ERROR! Resource string not found: [error_%]
2019-03-13 15:54:50,919 WARN o.a.j.u.JMeterUtils: ERROR! Resource string not found: [throughput]
2019-03-13 15:54:50,919 WARN o.a.j.u.JMeterUtils: ERROR! Resource string not found: [received_kb/sec]
2019-03-13 15:54:50,920 WARN o.a.j.u.JMeterUtils: ERROR! Resource string not found: [sent_kb/sec]
2019-03-13 15:54:50,942 WARN o.a.j.u.JMeterUtils: ERROR! Resource string not found: [label]
2019-03-13 15:54:50,943 WARN o.a.j.u.JMeterUtils: ERROR! Resource string not found: [label]
2019-03-13 15:54:57,243 WARN o.a.j.u.JMeterUtils: ERROR! Resource string not found: [label]
2019-03-13 15:54:57,244 WARN o.a.j.u.JMeterUtils: ERROR! Resource string not found: [#_samples]
2019-03-13 15:54:57,244 WARN o.a.j.u.JMeterUtils: ERROR! Resource string not found: [median]
2019-03-13 15:54:57,244 WARN o.a.j.u.JMeterUtils: ERROR! Resource string not found: [90%_line]
2019-03-13 15:54:57,244 WARN o.a.j.u.JMeterUtils: ERROR! Resource string not found: [95%_line]
2019-03-13 15:54:57,244 WARN o.a.j.u.JMeterUtils: ERROR! Resource string not found: [99%_line]
2019-03-13 15:54:57,245 WARN o.a.j.u.JMeterUtils: ERROR! Resource string not found: [min]
2019-03-13 15:54:57,245 WARN o.a.j.u.JMeterUtils: ERROR! Resource string not found: [error_%]
2019-03-13 15:54:57,245 WARN o.a.j.u.JMeterUtils: ERROR! Resource string not found: [throughput]
2019-03-13 15:54:57,245 WARN o.a.j.u.JMeterUtils: ERROR! Resource string not found: [received_kb/sec]
2019-03-13 15:54:57,246 WARN o.a.j.u.JMeterUtils: ERROR! Resource string not found: [sent_kb/sec]
2019-03-13 15:54:57,422 WARN o.a.j.u.JMeterUtils: ERROR! Resource string not found: [label]
2019-03-13 15:54:57,423 WARN o.a.j.u.JMeterUtils: ERROR! Resource string not found: [#_samples]
2019-03-13 15:54:57,423 WARN o.a.j.u.JMeterUtils: ERROR! Resource string not found: [median]
2019-03-13 15:54:57,423 WARN o.a.j.u.JMeterUtils: ERROR! Resource string not found: [90%_line]
2019-03-13 15:54:57,423 WARN o.a.j.u.JMeterUtils: ERROR! Resource string not found: [95%_line]
2019-03-13 15:54:57,424 WARN o.a.j.u.JMeterUtils: ERROR! Resource string not found: [99%_line]
2019-03-13 15:54:57,424 WARN o.a.j.u.JMeterUtils: ERROR! Resource string not found: [min]
2019-03-13 15:54:57,424 WARN o.a.j.u.JMeterUtils: ERROR! Resource string not found: [error_%]
2019-03-13 15:54:57,427 WARN o.a.j.u.JMeterUtils: ERROR! Resource string not found: [throughput]
2019-03-13 15:54:57,427 WARN o.a.j.u.JMeterUtils: ERROR! Resource string not found: [received_kb/sec]
2019-03-13 15:54:57,427 WARN o.a.j.u.JMeterUtils: ERROR! Resource string not found: [sent_kb/sec]
2019-03-13 16:00:26,277 WARN o.a.j.u.JMeterUtils: ERROR! Resource string not found: [label]
2019-03-13 16:00:26,292 WARN o.a.j.u.JMeterUtils: ERROR! Resource string not found: [label]
2019-03-13 16:00:26,292 WARN o.a.j.u.JMeterUtils: ERROR! Resource string not found: [label]
2019-03-13 16:00:26,295 WARN o.a.j.u.JMeterUtils: ERROR! Resource string not found: [label]
2019-03-13 16:00:26,295 WARN o.a.j.u.JMeterUtils: ERROR! Resource string not found: [#_samples]
2019-03-13 16:00:26,296 WARN o.a.j.u.JMeterUtils: ERROR! Resource string not found: [median]
2019-03-13 16:00:26,296 WARN o.a.j.u.JMeterUtils: ERROR! Resource string not found: [90%_line]
2019-03-13 16:00:26,296 WARN o.a.j.u.JMeterUtils: ERROR! Resource string not found: [95%_line]
2019-03-13 16:00:26,296 WARN o.a.j.u.JMeterUtils: ERROR! Resource string not found: [99%_line]
2019-03-13 16:00:26,297 WARN o.a.j.u.JMeterUtils: ERROR! Resource string not found: [min]
2019-03-13 16:00:26,297 WARN o.a.j.u.JMeterUtils: ERROR! Resource string not found: [error_%]
2019-03-13 16:00:26,297 WARN o.a.j.u.JMeterUtils: ERROR! Resource string not found: [throughput]
2019-03-13 16:00:26,297 WARN o.a.j.u.JMeterUtils: ERROR! Resource string not found: [received_kb/sec]
2019-03-13 16:00:26,297 WARN o.a.j.u.JMeterUtils: ERROR! Resource string not found: [sent_kb/sec]
2019-03-13 16:00:26,318 WARN o.a.j.u.JMeterUtils: ERROR! Resource string not found: [label]
2019-03-13 16:00:26,318 WARN o.a.j.u.JMeterUtils: ERROR! Resource string not found: [#_samples]
2019-03-13 16:00:26,319 WARN o.a.j.u.JMeterUtils: ERROR! Resource string not found: [median]
2019-03-13 16:00:26,319 WARN o.a.j.u.JMeterUtils: ERROR! Resource string not found: [90%_line]
2019-03-13 16:00:26,319 WARN o.a.j.u.JMeterUtils: ERROR! Resource string not found: [95%_line]
2019-03-13 16:00:26,319 WARN o.a.j.u.JMeterUtils: ERROR! Resource string not found: [99%_line]
2019-03-13 16:00:26,319 WARN o.a.j.u.JMeterUtils: ERROR! Resource string not found: [min]
2019-03-13 16:00:26,319 WARN o.a.j.u.JMeterUtils: ERROR! Resource string not found: [error_%]
2019-03-13 16:00:26,319 WARN o.a.j.u.JMeterUtils: ERROR! Resource string not found: [throughput]
2019-03-13 16:00:26,320 WARN o.a.j.u.JMeterUtils: ERROR! Resource string not found: [received_kb/sec]
2019-03-13 16:00:26,320 WARN o.a.j.u.JMeterUtils: ERROR! Resource string not found: [sent_kb/sec]
2019-03-13 16:00:31,840 WARN o.a.j.u.JMeterUtils: ERROR! Resource string not found: [label]
2019-03-13 16:00:31,856 WARN o.a.j.u.JMeterUtils: ERROR! Resource string not found: [label]
2019-03-13 16:00:31,857 WARN o.a.j.u.JMeterUtils: ERROR! Resource string not found: [label]
2019-03-13 16:00:31,859 WARN o.a.j.u.JMeterUtils: ERROR! Resource string not found: [label]
2019-03-13 16:00:31,860 WARN o.a.j.u.JMeterUtils: ERROR! Resource string not found: [#_samples]
2019-03-13 16:00:31,860 WARN o.a.j.u.JMeterUtils: ERROR! Resource string not found: [median]
2019-03-13 16:00:31,860 WARN o.a.j.u.JMeterUtils: ERROR! Resource string not found: [90%_line]
2019-03-13 16:00:31,860 WARN o.a.j.u.JMeterUtils: ERROR! Resource string not found: [95%_line]
2019-03-13 16:00:31,860 WARN o.a.j.u.JMeterUtils: ERROR! Resource string not found: [99%_line]
2019-03-13 16:00:31,860 WARN o.a.j.u.JMeterUtils: ERROR! Resource string not found: [min]
2019-03-13 16:00:31,860 WARN o.a.j.u.JMeterUtils: ERROR! Resource string not found: [error_%]
2019-03-13 16:00:31,860 WARN o.a.j.u.JMeterUtils: ERROR! Resource string not found: [throughput]
2019-03-13 16:00:31,860 WARN o.a.j.u.JMeterUtils: ERROR! Resource string not found: [received_kb/sec]
2019-03-13 16:00:31,861 WARN o.a.j.u.JMeterUtils: ERROR! Resource string not found: [sent_kb/sec]
2019-03-13 16:00:31,878 WARN o.a.j.u.JMeterUtils: ERROR! Resource string not found: [label]
2019-03-13 16:00:31,879 WARN o.a.j.u.JMeterUtils: ERROR! Resource string not found: [#_samples]
2019-03-13 16:00:31,879 WARN o.a.j.u.JMeterUtils: ERROR! Resource string not found: [median]
2019-03-13 16:00:31,879 WARN o.a.j.u.JMeterUtils: ERROR! Resource string not found: [90%_line]
2019-03-13 16:00:31,880 WARN o.a.j.u.JMeterUtils: ERROR! Resource string not found: [95%_line]
2019-03-13 16:00:31,880 WARN o.a.j.u.JMeterUtils: ERROR! Resource string not found: [99%_line]
2019-03-13 16:00:31,880 WARN o.a.j.u.JMeterUtils: ERROR! Resource string not found: [min]
2019-03-13 16:00:31,880 WARN o.a.j.u.JMeterUtils: ERROR! Resource string not found: [error_%]
2019-03-13 16:00:31,880 WARN o.a.j.u.JMeterUtils: ERROR! Resource string not found: [throughput]
2019-03-13 16:00:31,881 WARN o.a.j.u.JMeterUtils: ERROR! Resource string not found: [received_kb/sec]
2019-03-13 16:00:31,881 WARN o.a.j.u.JMeterUtils: ERROR! Resource string not found: [sent_kb/sec]
2019-03-13 17:08:57,939 INFO o.a.j.g.a.t.TemplateManager: Reading templates from: /usr/local/Cellar/jmeter/5.0/libexec/bin/templates/templates.xml
2019-03-14 11:57:50,956 WARN o.a.j.u.JMeterUtils: ERROR! Resource string not found: [label]
2019-03-14 11:57:50,990 WARN o.a.j.u.JMeterUtils: ERROR! Resource string not found: [label]
2019-03-14 11:57:50,991 WARN o.a.j.u.JMeterUtils: ERROR! Resource string not found: [label]
2019-03-14 11:57:50,996 WARN o.a.j.u.JMeterUtils: ERROR! Resource string not found: [label]
2019-03-14 11:57:50,996 WARN o.a.j.u.JMeterUtils: ERROR! Resource string not found: [#_samples]
2019-03-14 11:57:50,997 WARN o.a.j.u.JMeterUtils: ERROR! Resource string not found: [median]
2019-03-14 11:57:50,997 WARN o.a.j.u.JMeterUtils: ERROR! Resource string not found: [90%_line]
2019-03-14 11:57:50,997 WARN o.a.j.u.JMeterUtils: ERROR! Resource string not found: [95%_line]
2019-03-14 11:57:50,997 WARN o.a.j.u.JMeterUtils: ERROR! Resource string not found: [99%_line]
2019-03-14 11:57:50,997 WARN o.a.j.u.JMeterUtils: ERROR! Resource string not found: [min]
2019-03-14 11:57:50,998 WARN o.a.j.u.JMeterUtils: ERROR! Resource string not found: [error_%]
2019-03-14 11:57:50,998 WARN o.a.j.u.JMeterUtils: ERROR! Resource string not found: [throughput]
2019-03-14 11:57:50,998 WARN o.a.j.u.JMeterUtils: ERROR! Resource string not found: [received_kb/sec]
2019-03-14 11:57:50,998 WARN o.a.j.u.JMeterUtils: ERROR! Resource string not found: [sent_kb/sec]
2019-03-14 11:57:51,041 WARN o.a.j.u.JMeterUtils: ERROR! Resource string not found: [label]
2019-03-14 11:57:51,041 WARN o.a.j.u.JMeterUtils: ERROR! Resource string not found: [#_samples]
2019-03-14 11:57:51,041 WARN o.a.j.u.JMeterUtils: ERROR! Resource string not found: [median]
2019-03-14 11:57:51,042 WARN o.a.j.u.JMeterUtils: ERROR! Resource string not found: [90%_line]
2019-03-14 11:57:51,042 WARN o.a.j.u.JMeterUtils: ERROR! Resource string not found: [95%_line]
2019-03-14 11:57:51,043 WARN o.a.j.u.JMeterUtils: ERROR! Resource string not found: [99%_line]
2019-03-14 11:57:51,043 WARN o.a.j.u.JMeterUtils: ERROR! Resource string not found: [min]
2019-03-14 11:57:51,044 WARN o.a.j.u.JMeterUtils: ERROR! Resource string not found: [error_%]
2019-03-14 11:57:51,044 WARN o.a.j.u.JMeterUtils: ERROR! Resource string not found: [throughput]
2019-03-14 11:57:51,044 WARN o.a.j.u.JMeterUtils: ERROR! Resource string not found: [received_kb/sec]
2019-03-14 11:57:51,044 WARN o.a.j.u.JMeterUtils: ERROR! Resource string not found: [sent_kb/sec]
2019-03-20 15:48:59,312 INFO o.a.j.s.FileServer: Set new base='/Users/kevinsturgeon/jmeter'
2019-03-20 15:48:59,359 INFO o.a.j.s.SaveService: Testplan (JMX) version: 2.2. Testlog (JTL) version: 2.2
2019-03-20 15:48:59,385 INFO o.a.j.s.SaveService: Using SaveService properties file encoding UTF-8
2019-03-20 15:48:59,390 INFO o.a.j.s.SaveService: Using SaveService properties version 5.0
